Arguments: 
  /usr/local/bin/node /usr/local/bin/yarn add -D typescript

PATH: 
  /usr/local/opt/openssl/bin:/Library/Frameworks/Python.framework/Versions/3.9/bin:/Library/Frameworks/Python.framework/Versions/2.7/bin:/usr/local/bin:/usr/bin:/bin:/usr/sbin:/sbin:/Library/Apple/usr/bin:/usr/local/opt/openssl/bin:/Library/Frameworks/Python.framework/Versions/3.9/bin:/Library/Frameworks/Python.framework/Versions/2.7/bin:/Users/christophearrestier/Library/Android/sdk/emulator:/Users/christophearrestier/Library/Android/sdk/tools:/Users/christophearrestier/Library/Android/sdk/tools/bin:/Users/christophearrestier/Library/Android/sdk/platform-tools:/usr/local/opt/gradle@6/bin:/Users/christophearrestier/Library/Android/sdk/emulator:/Users/christophearrestier/Library/Android/sdk/tools:/Users/christophearrestier/Library/Android/sdk/tools/bin:/Users/christophearrestier/Library/Android/sdk/platform-tools:/usr/local/opt/gradle@6/bin

Yarn version: 
  1.22.11

Node version: 
  16.9.1

Platform: 
  darwin x64

Trace: 
  Error: self signed certificate in certificate chain
      at TLSSocket.onConnectSecure (node:_tls_wrap:1530:34)
      at TLSSocket.emit (node:events:394:28)
      at TLSSocket._finishInit (node:_tls_wrap:944:8)
      at TLSWrap.ssl.onhandshakedone (node:_tls_wrap:725:12)

npm manifest: 
  {
    "name": "client-js",
    "version": "1.0.0",
    "description": "Client counter part of elephant carpaccio",
    "main": "index.js",
    "author": "Christophe ARRESTIER",
    "license": "MIT",
    "scripts": {
      "start": "node src/index.js"
    },
    "dependencies": {
      "socket.io-client": "^4.4.1"
    }
  }

yarn manifest: 
  No manifest

Lockfile: 
  # THIS IS AN AUTOGENERATED FILE. DO NOT EDIT THIS FILE DIRECTLY.
  # yarn lockfile v1
  
  
  "@socket.io/component-emitter@~3.0.0":
    version "3.0.0"
    resolved "https://registry.yarnpkg.com/@socket.io/component-emitter/-/component-emitter-3.0.0.tgz#8863915676f837d9dad7b76f50cb500c1e9422e9"
    integrity sha512-2pTGuibAXJswAPJjaKisthqS/NOK5ypG4LYT6tEAV0S/mxW0zOIvYvGK0V8w8+SHxAm6vRMSjqSalFXeBAqs+Q==
  
  backo2@~1.0.2:
    version "1.0.2"
    resolved "https://registry.yarnpkg.com/backo2/-/backo2-1.0.2.tgz#31ab1ac8b129363463e35b3ebb69f4dfcfba7947"
    integrity sha1-MasayLEpNjRj41s+u2n038+6eUc=
  
  base64-arraybuffer@~1.0.1:
    version "1.0.1"
    resolved "https://registry.yarnpkg.com/base64-arraybuffer/-/base64-arraybuffer-1.0.1.tgz#87bd13525626db4a9838e00a508c2b73efcf348c"
    integrity sha512-vFIUq7FdLtjZMhATwDul5RZWv2jpXQ09Pd6jcVEOvIsqCWTRFD/ONHNfyOS8dA/Ippi5dsIgpyKWKZaAKZltbA==
  
  debug@~4.3.1, debug@~4.3.2:
    version "4.3.3"
    resolved "https://registry.yarnpkg.com/debug/-/debug-4.3.3.tgz#04266e0b70a98d4462e6e288e38259213332b664"
    integrity sha512-/zxw5+vh1Tfv+4Qn7a5nsbcJKPaSvCDhojn6FEl9vupwK2VCSDtEiEtqr8DFtzYFOdz63LBkxec7DYuc2jon6Q==
    dependencies:
      ms "2.1.2"
  
  engine.io-client@~6.1.1:
    version "6.1.1"
    resolved "https://registry.yarnpkg.com/engine.io-client/-/engine.io-client-6.1.1.tgz#800d4b9db5487d169686729e5bd887afa78d36b0"
    integrity sha512-V05mmDo4gjimYW+FGujoGmmmxRaDsrVr7AXA3ZIfa04MWM1jOfZfUwou0oNqhNwy/votUDvGDt4JA4QF4e0b4g==
    dependencies:
      "@socket.io/component-emitter" "~3.0.0"
      debug "~4.3.1"
      engine.io-parser "~5.0.0"
      has-cors "1.1.0"
      parseqs "0.0.6"
      parseuri "0.0.6"
      ws "~8.2.3"
      xmlhttprequest-ssl "~2.0.0"
      yeast "0.1.2"
  
  engine.io-parser@~5.0.0:
    version "5.0.2"
    resolved "https://registry.yarnpkg.com/engine.io-parser/-/engine.io-parser-5.0.2.tgz#69a2ec3ed431da021f0666712d07f106bcffa6ce"
    integrity sha512-wuiO7qO/OEkPJSFueuATIXtrxF7/6GTbAO9QLv7nnbjwZ5tYhLm9zxvLwxstRs0dcT0KUlWTjtIOs1T86jt12g==
    dependencies:
      base64-arraybuffer "~1.0.1"
  
  has-cors@1.1.0:
    version "1.1.0"
    resolved "https://registry.yarnpkg.com/has-cors/-/has-cors-1.1.0.tgz#5e474793f7ea9843d1bb99c23eef49ff126fff39"
    integrity sha1-XkdHk/fqmEPRu5nCPu9J/xJv/zk=
  
  ms@2.1.2:
    version "2.1.2"
    resolved "https://registry.yarnpkg.com/ms/-/ms-2.1.2.tgz#d09d1f357b443f493382a8eb3ccd183872ae6009"
    integrity sha512-sGkPx+VjMtmA6MX27oA4FBFELFCZZ4S4XqeGOXCv68tT+jb3vk/RyaKWP0PTKyWtmLSM0b+adUTEvbs1PEaH2w==
  
  parseqs@0.0.6:
    version "0.0.6"
    resolved "https://registry.yarnpkg.com/parseqs/-/parseqs-0.0.6.tgz#8e4bb5a19d1cdc844a08ac974d34e273afa670d5"
    integrity sha512-jeAGzMDbfSHHA091hr0r31eYfTig+29g3GKKE/PPbEQ65X0lmMwlEoqmhzu0iztID5uJpZsFlUPDP8ThPL7M8w==
  
  parseuri@0.0.6:
    version "0.0.6"
    resolved "https://registry.yarnpkg.com/parseuri/-/parseuri-0.0.6.tgz#e1496e829e3ac2ff47f39a4dd044b32823c4a25a"
    integrity sha512-AUjen8sAkGgao7UyCX6Ahv0gIK2fABKmYjvP4xmy5JaKvcbTRueIqIPHLAfq30xJddqSE033IOMUSOMCcK3Sow==
  
  socket.io-client@^4.4.1:
    version "4.4.1"
    resolved "https://registry.yarnpkg.com/socket.io-client/-/socket.io-client-4.4.1.tgz#b6aa9448149d09b8d0b2bbf3d2fac310631fdec9"
    integrity sha512-N5C/L5fLNha5Ojd7Yeb/puKcPWWcoB/A09fEjjNsg91EDVr5twk/OEyO6VT9dlLSUNY85NpW6KBhVMvaLKQ3vQ==
    dependencies:
      "@socket.io/component-emitter" "~3.0.0"
      backo2 "~1.0.2"
      debug "~4.3.2"
      engine.io-client "~6.1.1"
      parseuri "0.0.6"
      socket.io-parser "~4.1.1"
  
  socket.io-parser@~4.1.1:
    version "4.1.1"
    resolved "https://registry.yarnpkg.com/socket.io-parser/-/socket.io-parser-4.1.1.tgz#0ad53d980781cab1eabe320417d8480c0133e62d"
    integrity sha512-USQVLSkDWE5nbcY760ExdKaJxCE65kcsG/8k5FDGZVVxpD1pA7hABYXYkCUvxUuYYh/+uQw0N/fvBzfT8o07KA==
    dependencies:
      "@socket.io/component-emitter" "~3.0.0"
      debug "~4.3.1"
  
  ws@~8.2.3:
    version "8.2.3"
    resolved "https://registry.yarnpkg.com/ws/-/ws-8.2.3.tgz#63a56456db1b04367d0b721a0b80cae6d8becbba"
    integrity sha512-wBuoj1BDpC6ZQ1B7DWQBYVLphPWkm8i9Y0/3YdHjHKHiohOJ1ws+3OccDWtH+PoC9DZD5WOTrJvNbWvjS6JWaA==
  
  xmlhttprequest-ssl@~2.0.0:
    version "2.0.0"
    resolved "https://registry.yarnpkg.com/xmlhttprequest-ssl/-/xmlhttprequest-ssl-2.0.0.tgz#91360c86b914e67f44dce769180027c0da618c67"
    integrity sha512-QKxVRxiRACQcVuQEYFsI1hhkrMlrXHPegbbd1yn9UHOmRxY+si12nQYzri3vbzt8VdTTRviqcKxcyllFas5z2A==
  
  yeast@0.1.2:
    version "0.1.2"
    resolved "https://registry.yarnpkg.com/yeast/-/yeast-0.1.2.tgz#008e06d8094320c372dbc2f8ed76a0ca6c8ac419"
    integrity sha1-AI4G2AlDIMNy28L47XagymyKxBk=
